c:\users\admin\onedrive\desktop\cricket\cricket\cricket\debug\vc141.pdb
c:\users\admin\onedrive\desktop\cricket\cricket\cricket\debug\.netframework,version=v4.6.1.assemblyattributes.obj
c:\users\admin\onedrive\desktop\cricket\cricket\cricket\debug\.netframework,version=v4.6.1.assemblyattributes.asm
c:\users\admin\onedrive\desktop\cricket\cricket\cricket\debug\update_score.obj
c:\users\admin\onedrive\desktop\cricket\cricket\cricket\debug\update_live_score.obj
c:\users\admin\onedrive\desktop\cricket\cricket\cricket\debug\team_details.obj
c:\users\admin\onedrive\desktop\cricket\cricket\cricket\debug\match_created.obj
c:\users\admin\onedrive\desktop\cricket\cricket\cricket\debug\login.obj
c:\users\admin\onedrive\desktop\cricket\cricket\cricket\debug\homepage.obj
c:\users\admin\onedrive\desktop\cricket\cricket\cricket\debug\creating_match.obj
c:\users\admin\onedrive\desktop\cricket\cricket\cricket\debug\cricket.creating_match.resources
c:\users\admin\onedrive\desktop\cricket\cricket\cricket\debug\cricket.login.resources
c:\users\admin\onedrive\desktop\cricket\cricket\cricket\debug\cricket.myform1.resources
c:\users\admin\onedrive\desktop\cricket\cricket\cricket\debug\cricket.homepage.resources
c:\users\admin\onedrive\desktop\cricket\cricket\cricket\debug\cricket.match_created.resources
c:\users\admin\onedrive\desktop\cricket\cricket\cricket\debug\cricket.team_details.resources
c:\users\admin\onedrive\desktop\cricket\cricket\cricket\debug\cricket.update_live_score.resources
c:\users\admin\onedrive\desktop\cricket\cricket\cricket\debug\cricket.update_score.resources
c:\users\admin\onedrive\desktop\cricket\cricket\debug\cricket.exe
c:\users\admin\onedrive\desktop\cricket\cricket\debug\cricket.pdb
c:\users\admin\onedrive\desktop\cricket\cricket\cricket\debug\cricket.vcxproj.generateresource.cache
c:\users\admin\onedrive\desktop\cricket\cricket\cricket\debug\cricket.vcxprojassemblyreference.cache
c:\users\admin\onedrive\desktop\cricket\cricket\cricket\debug\myform1.obj
c:\users\admin\onedrive\desktop\cricket\cricket\cricket\debug\cricket.tlog\cl.command.1.tlog
c:\users\admin\onedrive\desktop\cricket\cricket\cricket\debug\cricket.tlog\cl.read.1.tlog
c:\users\admin\onedrive\desktop\cricket\cricket\cricket\debug\cricket.tlog\cl.write.1.tlog
c:\users\admin\onedrive\desktop\cricket\cricket\cricket\debug\cricket.tlog\cricket.write.1u.tlog
c:\users\admin\onedrive\desktop\cricket\cricket\cricket\debug\cricket.tlog\link.command.1.tlog
c:\users\admin\onedrive\desktop\cricket\cricket\cricket\debug\cricket.tlog\link.read.1.tlog
c:\users\admin\onedrive\desktop\cricket\cricket\cricket\debug\cricket.tlog\link.write.1.tlog
c:\users\admin\onedrive\desktop\cricket\cricket\cricket\debug\cricket.tlog\metagen.read.1.tlog
c:\users\admin\onedrive\desktop\cricket\cricket\cricket\debug\cricket.tlog\metagen.write.1.tlog
